bin\lamaquina_debug.ilk
C:\OF_V0.7.4_VS2010_RELEASE\APPS\MYAPPS\LAMAQUINA\BIN\LAMAQUINA_DEBUG.EXE
C:\of_v0.7.4_vs2010_release\apps\myApps\lamaquina\bin\lamaquina_debug.exp
C:\OF_V0.7.4_VS2010_RELEASE\APPS\MYAPPS\LAMAQUINA\BIN\LAMAQUINA_DEBUG.ILK
C:\of_v0.7.4_vs2010_release\apps\myApps\lamaquina\bin\lamaquina_debug.lib
C:\OF_V0.7.4_VS2010_RELEASE\APPS\MYAPPS\LAMAQUINA\BIN\LAMAQUINA_DEBUG_DEBUGINFO.PDB
C:\of_v0.7.4_vs2010_release\apps\myApps\lamaquina\obj\Debug\cl.command.1.tlog
C:\of_v0.7.4_vs2010_release\apps\myApps\lamaquina\obj\Debug\CL.read.1.tlog
C:\of_v0.7.4_vs2010_release\apps\myApps\lamaquina\obj\Debug\CL.write.1.tlog
C:\OF_V0.7.4_VS2010_RELEASE\APPS\MYAPPS\LAMAQUINA\OBJ\DEBUG\IPENDPOINTNAME.OBJ
C:\of_v0.7.4_vs2010_release\apps\myApps\lamaquina\obj\Debug\lamaquina.vcxprojResolveAssemblyReference.cache
C:\of_v0.7.4_vs2010_release\apps\myApps\lamaquina\obj\Debug\lamaquina.write.1.tlog
C:\OF_V0.7.4_VS2010_RELEASE\APPS\MYAPPS\LAMAQUINA\OBJ\DEBUG\LAMAQUINA_DEBUG.EXE.EMBED.MANIFEST
C:\OF_V0.7.4_VS2010_RELEASE\APPS\MYAPPS\LAMAQUINA\OBJ\DEBUG\LAMAQUINA_DEBUG.EXE.EMBED.MANIFEST.RES
C:\OF_V0.7.4_VS2010_RELEASE\APPS\MYAPPS\LAMAQUINA\OBJ\DEBUG\LAMAQUINA_DEBUG.EXE.INTERMEDIATE.MANIFEST
C:\of_v0.7.4_vs2010_release\apps\myApps\lamaquina\obj\Debug\lamaquina_debug_manifest.rc
C:\of_v0.7.4_vs2010_release\apps\myApps\lamaquina\obj\Debug\link.9592.read.1.tlog
C:\of_v0.7.4_vs2010_release\apps\myApps\lamaquina\obj\Debug\link.9592.write.1.tlog
C:\of_v0.7.4_vs2010_release\apps\myApps\lamaquina\obj\Debug\link.9592-cvtres.read.1.tlog
C:\of_v0.7.4_vs2010_release\apps\myApps\lamaquina\obj\Debug\link.9592-cvtres.write.1.tlog
C:\of_v0.7.4_vs2010_release\apps\myApps\lamaquina\obj\Debug\link.command.1.tlog
C:\of_v0.7.4_vs2010_release\apps\myApps\lamaquina\obj\Debug\link.read.1.tlog
C:\of_v0.7.4_vs2010_release\apps\myApps\lamaquina\obj\Debug\link.write.1.tlog
C:\of_v0.7.4_vs2010_release\apps\myApps\lamaquina\obj\Debug\link-cvtres.read.1.tlog
C:\of_v0.7.4_vs2010_release\apps\myApps\lamaquina\obj\Debug\link-cvtres.write.1.tlog
C:\OF_V0.7.4_VS2010_RELEASE\APPS\MYAPPS\LAMAQUINA\OBJ\DEBUG\MAIN.OBJ
C:\of_v0.7.4_vs2010_release\apps\myApps\lamaquina\obj\Debug\mt.command.1.tlog
C:\of_v0.7.4_vs2010_release\apps\myApps\lamaquina\obj\Debug\mt.read.1.tlog
C:\of_v0.7.4_vs2010_release\apps\myApps\lamaquina\obj\Debug\mt.write.1.tlog
C:\OF_V0.7.4_VS2010_RELEASE\APPS\MYAPPS\LAMAQUINA\OBJ\DEBUG\NETWORKINGUTILS.OBJ
C:\OF_V0.7.4_VS2010_RELEASE\APPS\MYAPPS\LAMAQUINA\OBJ\DEBUG\NETWORKINGUTILSWIN.OBJ
C:\OF_V0.7.4_VS2010_RELEASE\APPS\MYAPPS\LAMAQUINA\OBJ\DEBUG\OFXCVCOLORIMAGE.OBJ
C:\OF_V0.7.4_VS2010_RELEASE\APPS\MYAPPS\LAMAQUINA\OBJ\DEBUG\OFXCVCONTOURFINDER.OBJ
C:\OF_V0.7.4_VS2010_RELEASE\APPS\MYAPPS\LAMAQUINA\OBJ\DEBUG\OFXCVFLOATIMAGE.OBJ
C:\OF_V0.7.4_VS2010_RELEASE\APPS\MYAPPS\LAMAQUINA\OBJ\DEBUG\OFXCVGRAYSCALEIMAGE.OBJ
C:\OF_V0.7.4_VS2010_RELEASE\APPS\MYAPPS\LAMAQUINA\OBJ\DEBUG\OFXCVHAARFINDER.OBJ
C:\OF_V0.7.4_VS2010_RELEASE\APPS\MYAPPS\LAMAQUINA\OBJ\DEBUG\OFXCVIMAGE.OBJ
C:\OF_V0.7.4_VS2010_RELEASE\APPS\MYAPPS\LAMAQUINA\OBJ\DEBUG\OFXCVSHORTIMAGE.OBJ
C:\OF_V0.7.4_VS2010_RELEASE\APPS\MYAPPS\LAMAQUINA\OBJ\DEBUG\OFXOSCBUNDLE.OBJ
C:\OF_V0.7.4_VS2010_RELEASE\APPS\MYAPPS\LAMAQUINA\OBJ\DEBUG\OFXOSCMESSAGE.OBJ
C:\OF_V0.7.4_VS2010_RELEASE\APPS\MYAPPS\LAMAQUINA\OBJ\DEBUG\OFXOSCRECEIVER.OBJ
C:\OF_V0.7.4_VS2010_RELEASE\APPS\MYAPPS\LAMAQUINA\OBJ\DEBUG\OFXOSCSENDER.OBJ
C:\OF_V0.7.4_VS2010_RELEASE\APPS\MYAPPS\LAMAQUINA\OBJ\DEBUG\OSCOUTBOUNDPACKETSTREAM.OBJ
C:\OF_V0.7.4_VS2010_RELEASE\APPS\MYAPPS\LAMAQUINA\OBJ\DEBUG\OSCPRINTRECEIVEDELEMENTS.OBJ
C:\OF_V0.7.4_VS2010_RELEASE\APPS\MYAPPS\LAMAQUINA\OBJ\DEBUG\OSCRECEIVEDELEMENTS.OBJ
C:\OF_V0.7.4_VS2010_RELEASE\APPS\MYAPPS\LAMAQUINA\OBJ\DEBUG\OSCTYPES.OBJ
C:\of_v0.7.4_vs2010_release\apps\myApps\lamaquina\obj\Debug\rc.command.1.tlog
C:\of_v0.7.4_vs2010_release\apps\myApps\lamaquina\obj\Debug\rc.read.1.tlog
C:\of_v0.7.4_vs2010_release\apps\myApps\lamaquina\obj\Debug\rc.write.1.tlog
C:\OF_V0.7.4_VS2010_RELEASE\APPS\MYAPPS\LAMAQUINA\OBJ\DEBUG\TESTAPP.OBJ
C:\OF_V0.7.4_VS2010_RELEASE\APPS\MYAPPS\LAMAQUINA\OBJ\DEBUG\UDPSOCKET.OBJ
C:\OF_V0.7.4_VS2010_RELEASE\APPS\MYAPPS\LAMAQUINA\OBJ\DEBUG\UDPSOCKETWIN.OBJ
C:\of_v0.7.4_vs2010_release\apps\myApps\lamaquina\obj\Debug\vc100.idb
C:\OF_V0.7.4_VS2010_RELEASE\APPS\MYAPPS\LAMAQUINA\OBJ\DEBUG\VC100.PDB
