Build started 8/27/2014 2:05:50 AM.
     1>Project "C:\of_v0.7.4_vs2010_release\apps\myApps\The-Machine-to-be-Another\The-Machine-to-be-Another.vcxproj" on node 2 (build target(s)).
     1>InitializeBuildStatus:
         Creating "obj\Debug\theMachineToBeAnother.unsuccessfulbuild" because "AlwaysCreate" was specified.
       ClCompile:
         c:\Program Files (x86)\Microsoft Visual Studio 10.0\VC\bin\CL.exe /c /Iovrvision /ILibOVR\Include /I..\..\..\libs\openFrameworks /I..\..\..\libs\openFrameworks\graphics /I..\..\..\libs\openFrameworks\app /I..\..\..\libs\openFrameworks\sound /I..\..\..\libs\openFrameworks\utils /I..\..\..\libs\openFrameworks\communication /I..\..\..\libs\openFrameworks\video /I..\..\..\libs\openFrameworks\types /I..\..\..\libs\openFrameworks\math /I..\..\..\libs\openFrameworks\3d /I..\..\..\libs\openFrameworks\gl /I..\..\..\libs\openFrameworks\events /I..\..\..\libs\glut\include /I..\..\..\libs\rtAudio\include /I..\..\..\libs\quicktime\include /I..\..\..\libs\freetype\include /I..\..\..\libs\freetype\include\freetype2 /I..\..\..\libs\freeImage\include /I..\..\..\libs\fmodex\include /I..\..\..\libs\videoInput\include /I..\..\..\libs\glew\include\ /I..\..\..\libs\glu\include /I..\..\..\libs\tess2\include /I..\..\..\libs\cairo\include\cairo /I..\..\..\libs\poco\include /I..\..\..\addons /I..\..\..\addons\ofxOpenCv\libs /I..\..\..\addons\ofxOpenCv\src /I..\..\..\addons\ofxOpenCv\libs\opencv /I..\..\..\addons\ofxOpenCv\libs\opencv\include /I..\..\..\addons\ofxOpenCv\libs\opencv\include\opencv /I..\..\..\addons\ofxOpenCv\libs\opencv\include\opencv2 /I..\..\..\addons\ofxOpenCv\libs\opencv\include\opencv2\calib3d /I..\..\..\addons\ofxOpenCv\libs\opencv\include\opencv2\contrib /I..\..\..\addons\ofxOpenCv\libs\opencv\include\opencv2\core /I..\..\..\addons\ofxOpenCv\libs\opencv\include\opencv2\features2d /I..\..\..\addons\ofxOpenCv\libs\opencv\include\opencv2\flann /I..\..\..\addons\ofxOpenCv\libs\opencv\include\opencv2\gpu /I..\..\..\addons\ofxOpenCv\libs\opencv\include\opencv2\highgui /I..\..\..\addons\ofxOpenCv\libs\opencv\include\opencv2\imgproc /I..\..\..\addons\ofxOpenCv\libs\opencv\include\opencv2\legacy /I..\..\..\addons\ofxOpenCv\libs\opencv\include\opencv2\ml /I..\..\..\addons\ofxOpenCv\libs\opencv\include\opencv2\objdetect /I..\..\..\addons\ofxOpenCv\libs\opencv\include\opencv2\ts /I..\..\..\addons\ofxOpenCv\libs\opencv\include\opencv2\video /I..\..\..\addons\ofxOpenCv\libs\opencv\lib /I..\..\..\addons\ofxOpenCv\libs\opencv\lib\vs2010 /I..\..\..\addons\ofxOsc\libs /I..\..\..\addons\ofxOsc\src /I..\..\..\addons\ofxOsc\libs\oscpack /I..\..\..\addons\ofxOsc\libs\oscpack\src /I..\..\..\addons\ofxOsc\libs\oscpack\src\ip /I..\..\..\addons\ofxOsc\libs\oscpack\src\ip\posix /I..\..\..\addons\ofxOsc\libs\oscpack\src\ip\win32 /I..\..\..\addons\ofxOsc\libs\oscpack\src\osc /ZI /nologo /W3 /WX- /Od /Oy- /D WIN32 /D _DEBUG /D _CONSOLE /D POCO_STATIC /D CAIRO_WIN32_STATIC_BUILD /D DISABLE_SOME_FLOATING_POINT /D _UNICODE /D UNICODE /Gm /EHsc /RTC1 /MDd /GS /fp:precise /Zc:wchar_t /Zc:forScope /Fo"obj\Debug\\" /Fd"obj\Debug\vc100.pdb" /Gd /TP /analyze- /errorReport:prompt src\testApp.cpp
         testApp.cpp
       ManifestResourceCompile:
         All outputs are up-to-date.
       Link:
         c:\Program Files (x86)\Microsoft Visual Studio 10.0\VC\bin\link.exe /ERRORREPORT:PROMPT /OUT:"bin\theMachineToBeAnother_debug.exe" /INCREMENTAL /NOLOGO /LIBPATH:LibOVR\Lib\Win32 /LIBPATH:..\..\..\libs\glut\lib\vs2010 /LIBPATH:..\..\..\libs\rtAudio\lib\vs2010 /LIBPATH:..\..\..\libs\FreeImage\lib\vs2010 /LIBPATH:..\..\..\libs\freetype\lib\vs2010 /LIBPATH:..\..\..\libs\quicktime\lib\vs2010 /LIBPATH:..\..\..\libs\fmodex\lib\vs2010 /LIBPATH:..\..\..\libs\videoInput\lib\vs2010 /LIBPATH:..\..\..\libs\cairo\lib\vs2010 /LIBPATH:..\..\..\libs\glew\lib\vs2010 /LIBPATH:..\..\..\libs\glu\lib\vs2010 /LIBPATH:..\..\..\libs\Poco\lib\vs2010 /LIBPATH:..\..\..\libs\tess2\lib\vs2010 /LIBPATH:ovrvision /LIBPATH:..\..\..\addons\ofxOpenCv\libs\opencv\lib\vs2010 "cairo-static.lib" "pixman-1.lib" msimg32.lib OpenGL32.lib GLu32.lib kernel32.lib setupapi.lib Vfw32.lib comctl32.lib glut32.lib rtAudioD.lib videoInput.lib libfreetype.lib FreeImage.lib qtmlClient.lib dsound.lib user32.lib gdi32.lib winspool.lib comdlg32.lib advapi32.lib shell32.lib ole32.lib oleaut32.lib uuid.lib glew32s.lib fmodex_vc.lib glu32.lib PocoFoundationmdd.lib PocoNetmdd.lib PocoUtilmdd.lib PocoXMLmdd.lib Ws2_32.lib tess2.lib kernel32.lib user32.lib gdi32.lib winspool.lib comdlg32.lib advapi32.lib shell32.lib ole32.lib oleaut32.lib uuid.lib odbc32.lib odbccp32.lib libovrd.lib Winmm.lib opencv_calib3d231d.lib opencv_contrib231d.lib opencv_core231d.lib opencv_features2d231d.lib opencv_flann231d.lib opencv_gpu231d.lib opencv_haartraining_engined.lib opencv_highgui231d.lib opencv_imgproc231d.lib opencv_legacy231d.lib opencv_ml231d.lib opencv_objdetect231d.lib opencv_video231d.lib zlibd.lib ovrvisiond.lib /NODEFAULTLIB:PocoFoundationd.lib /NODEFAULTLIB:atlthunk.lib /NODEFAULTLIB:LIBC.lib /NODEFAULTLIB:LIBCMT /MANIFEST /ManifestFile:"obj\Debug\theMachineToBeAnother_debug.exe.intermediate.manifest" /MANIFESTUAC:"level='asInvoker' uiAccess='false'" /DEBUG /PDB:"C:\of_v0.7.4_vs2010_release\apps\myApps\The-Machine-to-be-Another\bin\theMachineToBeAnother_debug_debugInfo.pdb" /SUBSYSTEM:CONSOLE /TLBID:1 /DYNAMICBASE:NO /IMPLIB:"bin\theMachineToBeAnother_debug.lib" /MACHINE:X86 obj\Debug\theMachineToBeAnother_debug.exe.embed.manifest.res
         obj\Debug\main.obj
         obj\Debug\testApp.obj
         obj\Debug\ofxCvColorImage.obj
         obj\Debug\ofxCvContourFinder.obj
         obj\Debug\ofxCvFloatImage.obj
         obj\Debug\ofxCvGrayscaleImage.obj
         obj\Debug\ofxCvHaarFinder.obj
         obj\Debug\ofxCvImage.obj
         obj\Debug\ofxCvShortImage.obj
         obj\Debug\ofxOscBundle.obj
         obj\Debug\ofxOscMessage.obj
         obj\Debug\ofxOscReceiver.obj
         obj\Debug\ofxOscSender.obj
         obj\Debug\IpEndpointName.obj
         obj\Debug\NetworkingUtils.obj
         obj\Debug\UdpSocket.obj
         obj\Debug\NetworkingUtilsWin.obj
         obj\Debug\UdpSocketWin.obj
         obj\Debug\OscOutboundPacketStream.obj
         obj\Debug\OscPrintReceivedElements.obj
         obj\Debug\OscReceivedElements.obj
         obj\Debug\OscTypes.obj
         C:\of_v0.7.4_vs2010_release\libs\openFrameworksCompiled\lib\vs2010\openframeworksLibDebug.lib
       Manifest:
         C:\Program Files (x86)\Microsoft SDKs\Windows\v7.0A\bin\mt.exe /nologo /verbose /out:"obj\Debug\theMachineToBeAnother_debug.exe.embed.manifest" /manifest obj\Debug\theMachineToBeAnother_debug.exe.intermediate.manifest
         All outputs are up-to-date.
       LinkEmbedManifest:
         All outputs are up-to-date.
         The-Machine-to-be-Another.vcxproj -> C:\of_v0.7.4_vs2010_release\apps\myApps\The-Machine-to-be-Another\bin\theMachineToBeAnother_debug.exe
       PostBuildEvent:
         Description: adding DLLs and creating data folder
         xcopy /e /i /y "C:\of_v0.7.4_vs2010_release\apps\myApps\The-Machine-to-be-Another\..\..\..\export\vs2010\*.dll" "C:\of_v0.7.4_vs2010_release\apps\myApps\The-Machine-to-be-Another\bin"
         :VCEnd
         C:\of_v0.7.4_vs2010_release\apps\myApps\The-Machine-to-be-Another\..\..\..\export\vs2010\Assimp32.dll
         C:\of_v0.7.4_vs2010_release\apps\myApps\The-Machine-to-be-Another\..\..\..\export\vs2010\fmodex.dll
         C:\of_v0.7.4_vs2010_release\apps\myApps\The-Machine-to-be-Another\..\..\..\export\vs2010\fmodexL.dll
         C:\of_v0.7.4_vs2010_release\apps\myApps\The-Machine-to-be-Another\..\..\..\export\vs2010\FreeImage.dll
         C:\of_v0.7.4_vs2010_release\apps\myApps\The-Machine-to-be-Another\..\..\..\export\vs2010\FreeType-6.dll
         C:\of_v0.7.4_vs2010_release\apps\myApps\The-Machine-to-be-Another\..\..\..\export\vs2010\glut32.dll
         C:\of_v0.7.4_vs2010_release\apps\myApps\The-Machine-to-be-Another\..\..\..\export\vs2010\Zlib.dll
         7 File(s) copied
       FinalizeBuildStatus:
         Deleting file "obj\Debug\theMachineToBeAnother.unsuccessfulbuild".
         Touching "obj\Debug\theMachineToBeAnother.lastbuildstate".
     1>Done Building Project "C:\of_v0.7.4_vs2010_release\apps\myApps\The-Machine-to-be-Another\The-Machine-to-be-Another.vcxproj" (build target(s)).

Build succeeded.

Time Elapsed 00:00:09.91
