Build started 9-7-2014 12:47:48.
     1>Project "C:\of_v0.7.4_vs2010_release\apps\GENDERBLENDER\lamaquina\lamaquina.vcxproj" on node 2 (build target(s)).
     1>InitializeBuildStatus:
         Creating "obj\Release\lamaquina.unsuccessfulbuild" because "AlwaysCreate" was specified.
       ClCompile:
         All outputs are up-to-date.
       Link:
         All outputs are up-to-date.
         lamaquina.vcxproj -> C:\of_v0.7.4_vs2010_release\apps\GENDERBLENDER\lamaquina\bin\lamaquina.exe
       PostBuildEvent:
         Description: adding DLLs and creating data folder
         xcopy /e /i /y "C:\of_v0.7.4_vs2010_release\apps\GENDERBLENDER\lamaquina\..\..\..\export\vs2010\*.dll" "C:\of_v0.7.4_vs2010_release\apps\GENDERBLENDER\lamaquina\bin"
         :VCEnd
         C:\of_v0.7.4_vs2010_release\apps\GENDERBLENDER\lamaquina\..\..\..\export\vs2010\Assimp32.dll
         C:\of_v0.7.4_vs2010_release\apps\GENDERBLENDER\lamaquina\..\..\..\export\vs2010\fmodex.dll
         C:\of_v0.7.4_vs2010_release\apps\GENDERBLENDER\lamaquina\..\..\..\export\vs2010\fmodexL.dll
         C:\of_v0.7.4_vs2010_release\apps\GENDERBLENDER\lamaquina\..\..\..\export\vs2010\FreeImage.dll
         C:\of_v0.7.4_vs2010_release\apps\GENDERBLENDER\lamaquina\..\..\..\export\vs2010\FreeType-6.dll
         C:\of_v0.7.4_vs2010_release\apps\GENDERBLENDER\lamaquina\..\..\..\export\vs2010\glut32.dll
         C:\of_v0.7.4_vs2010_release\apps\GENDERBLENDER\lamaquina\..\..\..\export\vs2010\Zlib.dll
         7 File(s) copied
       FinalizeBuildStatus:
         Deleting file "obj\Release\lamaquina.unsuccessfulbuild".
         Touching "obj\Release\lamaquina.lastbuildstate".
     1>Done Building Project "C:\of_v0.7.4_vs2010_release\apps\GENDERBLENDER\lamaquina\lamaquina.vcxproj" (build target(s)).

Build succeeded.

Time Elapsed 00:00:00.13
