Build started 8/30/2014 11:05:21 AM.
     1>Project "C:\of_v0.7.4_vs2010_release\apps\myApps\The-Machine-to-be-Another\The-Machine-to-be-Another.vcxproj" on node 2 (build target(s)).
     1>InitializeBuildStatus:
         Creating "obj\Release\theMachineToBeAnother.unsuccessfulbuild" because "AlwaysCreate" was specified.
       ClCompile:
         All outputs are up-to-date.
       Link:
         All outputs are up-to-date.
         The-Machine-to-be-Another.vcxproj -> C:\of_v0.7.4_vs2010_release\apps\myApps\The-Machine-to-be-Another\bin\theMachineToBeAnother.exe
       PostBuildEvent:
         Description: adding DLLs and creating data folder
         xcopy /e /i /y "C:\of_v0.7.4_vs2010_release\apps\myApps\The-Machine-to-be-Another\..\..\..\export\vs2010\*.dll" "C:\of_v0.7.4_vs2010_release\apps\myApps\The-Machine-to-be-Another\bin"
         :VCEnd
         C:\of_v0.7.4_vs2010_release\apps\myApps\The-Machine-to-be-Another\..\..\..\export\vs2010\Assimp32.dll
         C:\of_v0.7.4_vs2010_release\apps\myApps\The-Machine-to-be-Another\..\..\..\export\vs2010\fmodex.dll
         C:\of_v0.7.4_vs2010_release\apps\myApps\The-Machine-to-be-Another\..\..\..\export\vs2010\fmodexL.dll
         C:\of_v0.7.4_vs2010_release\apps\myApps\The-Machine-to-be-Another\..\..\..\export\vs2010\FreeImage.dll
         C:\of_v0.7.4_vs2010_release\apps\myApps\The-Machine-to-be-Another\..\..\..\export\vs2010\FreeType-6.dll
         C:\of_v0.7.4_vs2010_release\apps\myApps\The-Machine-to-be-Another\..\..\..\export\vs2010\glut32.dll
         C:\of_v0.7.4_vs2010_release\apps\myApps\The-Machine-to-be-Another\..\..\..\export\vs2010\Zlib.dll
         7 File(s) copied
       FinalizeBuildStatus:
         Deleting file "obj\Release\theMachineToBeAnother.unsuccessfulbuild".
         Touching "obj\Release\theMachineToBeAnother.lastbuildstate".
     1>Done Building Project "C:\of_v0.7.4_vs2010_release\apps\myApps\The-Machine-to-be-Another\The-Machine-to-be-Another.vcxproj" (build target(s)).

Build succeeded.

Time Elapsed 00:00:00.54
